
                                      ARENA Simulation Results
                                                 UTP

                                  Summary for Replication 1 of 1

Project: Unnamed Project                                             Run execution date : 6/16/2026
Analyst: UTP                                                         Model revision date: 6/16/2026

Replication ended at time      : 60.0 Minutes 
Base Time Units: Minutes

                                           TALLY VARIABLES

Identifier                                  Average   Half Width  Minimum    Maximum   Observations
___________________________________________________________________________________________________

Tally 1                                     3.5410     (Insuf)    3.1167     4.0939          4    
PRODUCTOS.VATime                            3.5410     (Insuf)    3.1167     4.0939          4    
PRODUCTOS.NVATime                           .00000     (Insuf)    .00000     .00000          4    
PRODUCTOS.WaitTime                          .00000     (Insuf)    .00000     .00000          4    
PRODUCTOS.TranTime                          .00000     (Insuf)    .00000     .00000          4    
PRODUCTOS.OtherTime                         .00000     (Insuf)    .00000     .00000          4    
PRODUCTOS.TotalTime                         3.5410     (Insuf)    3.1167     4.0939          4    
PROCESO DE CORTE.Queue.WaitingTime          .00000     (Insuf)    .00000     .00000          4    
PROCESO DE DOBLADO.Queue.WaitingTime        .00000     (Insuf)    .00000     .00000          4    

                                     DISCRETE-CHANGE VARIABLES

Identifier                                  Average   Half Width  Minimum    Maximum   Final Value
___________________________________________________________________________________________________

PRODUCTOS.WIP                               .23607     (Insuf)    .00000     1.0000     .00000    
OPERARIO 2.NumberBusy                       .10274     (Insuf)    .00000     1.0000     .00000    
OPERARIO 2.NumberScheduled                  1.0000     (Insuf)    1.0000     1.0000     1.0000    
OPERARIO 2.Utilization                      .10274     (Insuf)    .00000     1.0000     .00000    
OPERARIO 1.NumberBusy                       .13333     (Insuf)    .00000     1.0000     .00000    
OPERARIO 1.NumberScheduled                  1.0000     (Insuf)    1.0000     1.0000     1.0000    
OPERARIO 1.Utilization                      .13333     (Insuf)    .00000     1.0000     .00000    
PROCESO DE CORTE.Queue.NumberInQueue        .00000     (Insuf)    .00000     .00000     .00000    
PROCESO DE DOBLADO.Queue.NumberInQueue      .00000     (Insuf)    .00000     .00000     .00000    

                                             OUTPUTS

Identifier                                   Value
_____________________________________________________________

PRODUCTOS.NumberIn                          4.0000    
PRODUCTOS.NumberOut                         4.0000    
OPERARIO 2.NumberSeized                     4.0000    
OPERARIO 2.ScheduledUtilization             .10274    
OPERARIO 1.NumberSeized                     4.0000    
OPERARIO 1.ScheduledUtilization             .13333    
System.NumberOut                            4.0000    


Simulation run time: 0.02 minutes.
Simulation run complete.
