SIMAN Run Controller.

0.0 Hours>SIMAN Run Controller.

0.74829329 Hours>
                                      ARENA Simulation Results
                                                 UTP

                                  Summary for Replication 1 of 1

Project: Unnamed Project                                             Run execution date : 5/12/2026
Analyst: UTP                                                         Model revision date: 5/12/2026

Replication ended at time      : 0.74829329 Hours 
Base Time Units: Hours

                                           TALLY VARIABLES

Identifier                                  Average   Half Width  Minimum    Maximum   Observations
___________________________________________________________________________________________________

HOMBRE.VATime                               .00000     (Insuf)    .00000     .00000         41    
HOMBRE.NVATime                              .00000     (Insuf)    .00000     .00000         41    
HOMBRE.WaitTime                             .00000     (Insuf)    .00000     .00000         41    
HOMBRE.TranTime                             .00000     (Insuf)    .00000     .00000         41    
HOMBRE.OtherTime                            .00000     (Insuf)    .00000     .00000         41    
HOMBRE.TotalTime                            .00000     (Insuf)    .00000     .00000         41    
MUJER.VATime                                .00000     (Insuf)    .00000     .00000         41    
MUJER.NVATime                               .00000     (Insuf)    .00000     .00000         41    
MUJER.WaitTime                              .00000     (Insuf)    .00000     .00000         41    
MUJER.TranTime                              .00000     (Insuf)    .00000     .00000         41    
MUJER.OtherTime                             .00000     (Insuf)    .00000     .00000         41    
MUJER.TotalTime                             .00000     (Insuf)    .00000     .00000         41    

                                     DISCRETE-CHANGE VARIABLES

Identifier                                  Average   Half Width  Minimum    Maximum   Final Value
___________________________________________________________________________________________________

HOMBRE.WIP                                  .00000     (Insuf)    .00000     1.0000     .00000    
MUJER.WIP                                   .00000     (Insuf)    .00000     1.0000     .00000    

                                             OUTPUTS

Identifier                                   Value
_____________________________________________________________

HOMBRE.NumberIn                             41.000    
HOMBRE.NumberOut                            41.000    
MUJER.NumberIn                              41.000    
MUJER.NumberOut                             41.000    
System.NumberOut                            82.000    


Simulation run time: 1.80 minutes.
Simulation run complete.
